<?xml version="1.0" encoding="UTF-8"?>
<testng-results ignored="0" total="1" passed="0" failed="1" skipped="0">
  <reporter-output>
  </reporter-output>
  <suite started-at="2022-01-20T02:05:13 IST" name="Default suite" finished-at="2022-01-20T02:05:48 IST" duration-ms="35183">
    <groups>
      <group name="smokeTest">
        <method signature="SearchProductByUnitPriceTest.SearchproductbyUnitPrice()[pri:0, instance:productTest.SearchProductByUnitPriceTest@bd4dc25]" name="SearchproductbyUnitPrice" class="productTest.SearchProductByUnitPriceTest"/>
      </group> <!-- smokeTest -->
    </groups>
    <test started-at="2022-01-20T02:05:13 IST" name="Default test" finished-at="2022-01-20T02:05:48 IST" duration-ms="35183">
      <class name="productTest.SearchProductByUnitPriceTest">
        <test-method is-config="true" signature="configBs()[pri:0, instance:productTest.SearchProductByUnitPriceTest@bd4dc25]" started-at="2022-01-20T02:05:13 IST" name="configBs" finished-at="2022-01-20T02:05:13 IST" duration-ms="12" status="PASS">
          <reporter-output>
          </reporter-output>
        </test-method> <!-- configBs -->
        <test-method is-config="true" signature="configBc()[pri:0, instance:productTest.SearchProductByUnitPriceTest@bd4dc25]" started-at="2022-01-20T02:05:13 IST" name="configBc" finished-at="2022-01-20T02:05:18 IST" duration-ms="5185" status="PASS">
          <reporter-output>
          </reporter-output>
        </test-method> <!-- configBc -->
        <test-method is-config="true" signature="configBm()[pri:0, instance:productTest.SearchProductByUnitPriceTest@bd4dc25]" started-at="2022-01-20T02:05:18 IST" name="configBm" finished-at="2022-01-20T02:05:22 IST" duration-ms="3559" status="PASS">
          <reporter-output>
          </reporter-output>
        </test-method> <!-- configBm -->
        <test-method signature="SearchproductbyUnitPrice()[pri:0, instance:productTest.SearchProductByUnitPriceTest@bd4dc25]" started-at="2022-01-20T02:05:22 IST" name="SearchproductbyUnitPrice" finished-at="2022-01-20T02:05:46 IST" duration-ms="23902" status="FAIL">
          <exception class="org.openqa.selenium.support.ui.UnexpectedTagNameException">
            <message>
              <![CDATA[Element should have been "select" but was "a"
Build info: version: '3.141.59', revision: 'e82be7d358', time: '2018-11-14T08:17:03'
System info: host: 'DESKTOP-6G099OB', ip: '192.168.140.1', os.name: 'Windows 10', os.arch: 'amd64', os.version: '10.0', java.version: '17'
Driver info: driver.version: unknown]]>
            </message>
            <full-stacktrace>
              <![CDATA[org.openqa.selenium.support.ui.UnexpectedTagNameException: Element should have been "select" but was "a"
Build info: version: '3.141.59', revision: 'e82be7d358', time: '2018-11-14T08:17:03'
System info: host: 'DESKTOP-6G099OB', ip: '192.168.140.1', os.name: 'Windows 10', os.arch: 'amd64', os.version: '10.0', java.version: '17'
Driver info: driver.version: unknown
at org.openqa.selenium.support.ui.Select.<init>(Select.java:48)
at com.crm.comcast.GenricUtility.WebDriverUtility.selectOption(WebDriverUtility.java:115)
at com.crm.comcast.ObjectReposatory.ProductPage.clickOnDropDownAndSelectUnitPrice(ProductPage.java:104)
at productTest.SearchProductByUnitPriceTest.SearchproductbyUnitPrice(SearchProductByUnitPriceTest.java:57)
at java.base/jdk.internal.reflect.NativeMethodAccessorImpl.invoke0(Native Method)
at java.base/jdk.internal.reflect.NativeMethodAccessorImpl.invoke(NativeMethodAccessorImpl.java:77)
at java.base/jdk.internal.reflect.DelegatingMethodAccessorImpl.invoke(DelegatingMethodAccessorImpl.java:43)
at java.base/java.lang.reflect.Method.invoke(Method.java:568)
at org.testng.internal.MethodInvocationHelper.invokeMethod(MethodInvocationHelper.java:133)
at org.testng.internal.TestInvoker.invokeMethod(TestInvoker.java:598)
at org.testng.internal.TestInvoker.invokeTestMethod(TestInvoker.java:173)
at org.testng.internal.MethodRunner.runInSequence(MethodRunner.java:46)
at org.testng.internal.TestInvoker$MethodInvocationAgent.invoke(TestInvoker.java:824)
at org.testng.internal.TestInvoker.invokeTestMethods(TestInvoker.java:146)
at org.testng.internal.TestMethodWorker.invokeTestMethods(TestMethodWorker.java:146)
at org.testng.internal.TestMethodWorker.run(TestMethodWorker.java:128)
at java.base/java.util.ArrayList.forEach(ArrayList.java:1511)
at org.testng.TestRunner.privateRun(TestRunner.java:794)
at org.testng.TestRunner.run(TestRunner.java:596)
at org.testng.SuiteRunner.runTest(SuiteRunner.java:377)
at org.testng.SuiteRunner.runSequentially(SuiteRunner.java:371)
at org.testng.SuiteRunner.privateRun(SuiteRunner.java:332)
at org.testng.SuiteRunner.run(SuiteRunner.java:276)
at org.testng.SuiteRunnerWorker.runSuite(SuiteRunnerWorker.java:53)
at org.testng.SuiteRunnerWorker.run(SuiteRunnerWorker.java:96)
at org.testng.TestNG.runSuitesSequentially(TestNG.java:1212)
at org.testng.TestNG.runSuitesLocally(TestNG.java:1134)
at org.testng.TestNG.runSuites(TestNG.java:1063)
at org.testng.TestNG.run(TestNG.java:1031)
at org.testng.remote.AbstractRemoteTestNG.run(AbstractRemoteTestNG.java:115)
at org.testng.remote.RemoteTestNG.initAndRun(RemoteTestNG.java:251)
at org.testng.remote.RemoteTestNG.main(RemoteTestNG.java:77)
]]>
            </full-stacktrace>
          </exception> <!-- org.openqa.selenium.support.ui.UnexpectedTagNameException -->
          <reporter-output>
          </reporter-output>
        </test-method> <!-- SearchproductbyUnitPrice -->
        <test-method is-config="true" signature="configAm()[pri:0, instance:productTest.SearchProductByUnitPriceTest@bd4dc25]" started-at="2022-01-20T02:05:46 IST" name="configAm" finished-at="2022-01-20T02:05:48 IST" duration-ms="1690" status="PASS">
          <reporter-output>
          </reporter-output>
        </test-method> <!-- configAm -->
        <test-method is-config="true" signature="configAc()[pri:0, instance:productTest.SearchProductByUnitPriceTest@bd4dc25]" started-at="2022-01-20T02:05:48 IST" name="configAc" finished-at="2022-01-20T02:05:48 IST" duration-ms="473" status="PASS">
          <reporter-output>
          </reporter-output>
        </test-method> <!-- configAc -->
        <test-method is-config="true" signature="configAs()[pri:0, instance:productTest.SearchProductByUnitPriceTest@bd4dc25]" started-at="2022-01-20T02:05:48 IST" name="configAs" finished-at="2022-01-20T02:05:48 IST" duration-ms="1" status="PASS">
          <reporter-output>
          </reporter-output>
        </test-method> <!-- configAs -->
      </class> <!-- productTest.SearchProductByUnitPriceTest -->
    </test> <!-- Default test -->
  </suite> <!-- Default suite -->
</testng-results>
