<?xml version="1.0" encoding="UTF-8"?>
<!-- Generated by org.testng.reporters.JUnitXMLReporter -->
<testsuite ignored="1" hostname="DESKTOP-6G099OB" failures="1" tests="1" name="Test" time="1.623" errors="0" timestamp="2022-01-19T11:30:27 IST">
  <testcase classname="productTest.SearchProductByUnitPriceTest" name="SearchproductbyUnitPrice" time="1.453">
    <failure type="java.lang.NullPointerException" message="Cannot invoke &amp;quot;org.openqa.selenium.SearchContext.findElement(org.openqa.selenium.By)&amp;quot; because &amp;quot;this.searchContext&amp;quot; is null">
      <![CDATA[java.lang.NullPointerException: Cannot invoke "org.openqa.selenium.SearchContext.findElement(org.openqa.selenium.By)" because "this.searchContext" is null
at org.openqa.selenium.support.pagefactory.DefaultElementLocator.findElement(DefaultElementLocator.java:69)
at org.openqa.selenium.support.pagefactory.internal.LocatingElementHandler.invoke(LocatingElementHandler.java:38)
at jdk.proxy2/jdk.proxy2.$Proxy16.click(Unknown Source)
at com.crm.comcast.ObjectReposatory.HomePage.clickProductLink(HomePage.java:73)
at productTest.SearchProductByUnitPriceTest.SearchproductbyUnitPrice(SearchProductByUnitPriceTest.java:38)
at java.base/java.util.ArrayList.forEach(ArrayList.java:1511)
... Removed 27 stack frames]]>
    </failure>
  </testcase> <!-- SearchproductbyUnitPrice -->
  <testcase classname="productTest.EditTheDetailsOfTheProductByMassEditTest" name="EdittheDetailsofProductbyMassEdit" time="0.0">
    <ignored/>
  </testcase> <!-- EdittheDetailsofProductbyMassEdit -->
</testsuite> <!-- Test -->
